<?xml version="1.0" encoding="UTF-8"?>
<!-- Generated by org.testng.reporters.JUnitXMLReporter -->
<testsuite ignored="0" hostname="GrimLock" failures="0" tests="3" name="Default test" time="54.868" errors="0" timestamp="2021-03-03T21:46:18 EST">
  <testcase classname="automationpractice.POMworkshop.Main" name="test1_openurl" time="7.4"/>
  <testcase classname="automationpractice.POMworkshop.Main" name="test2_getproduct" time="10.961"/>
  <testcase classname="automationpractice.POMworkshop.Main" name="test3_checkout" time="20.195"/>
</testsuite> <!-- Default test -->
