<?xml version="1.0" encoding="UTF-8"?>
<testng-results ignored="0" total="3" passed="3" failed="0" skipped="0">
  <reporter-output>
  </reporter-output>
  <suite started-at="2021-03-03T21:45:23 EST" name="Default suite" finished-at="2021-03-03T21:46:18 EST" duration-ms="54868">
    <groups>
    </groups>
    <test started-at="2021-03-03T21:45:23 EST" name="Default test" finished-at="2021-03-03T21:46:18 EST" duration-ms="54868">
      <class name="automationpractice.POMworkshop.Main">
        <test-method is-config="true" signature="setup()[pri:0, instance:automationpractice.POMworkshop.Main@56a6d5a6]" started-at="2021-03-03T21:45:23 EST" name="setup" finished-at="2021-03-03T21:45:29 EST" duration-ms="5686" status="PASS">
          <reporter-output>
          </reporter-output>
        </test-method> <!-- setup -->
        <test-method signature="test1_openurl()[pri:0, instance:automationpractice.POMworkshop.Main@56a6d5a6]" started-at="2021-03-03T21:45:29 EST" name="test1_openurl" finished-at="2021-03-03T21:45:36 EST" duration-ms="7400" status="PASS">
          <reporter-output>
          </reporter-output>
        </test-method> <!-- test1_openurl -->
        <test-method signature="test2_getproduct()[pri:0, instance:automationpractice.POMworkshop.Main@56a6d5a6]" started-at="2021-03-03T21:45:36 EST" name="test2_getproduct" finished-at="2021-03-03T21:45:47 EST" duration-ms="10961" status="PASS">
          <reporter-output>
          </reporter-output>
        </test-method> <!-- test2_getproduct -->
        <test-method signature="test3_checkout()[pri:0, instance:automationpractice.POMworkshop.Main@56a6d5a6]" started-at="2021-03-03T21:45:47 EST" name="test3_checkout" finished-at="2021-03-03T21:46:08 EST" duration-ms="20195" status="PASS">
          <reporter-output>
          </reporter-output>
        </test-method> <!-- test3_checkout -->
        <test-method is-config="true" signature="close()[pri:0, instance:automationpractice.POMworkshop.Main@56a6d5a6]" started-at="2021-03-03T21:46:08 EST" name="close" finished-at="2021-03-03T21:46:18 EST" duration-ms="10606" status="PASS">
          <reporter-output>
          </reporter-output>
        </test-method> <!-- close -->
      </class> <!-- automationpractice.POMworkshop.Main -->
    </test> <!-- Default test -->
  </suite> <!-- Default suite -->
</testng-results>
